[2024-08-07 18:12:21] local.ERROR: View [welcome] not found. {"exception":"[object] (InvalidArgumentException(code: 0): View [welcome] not found. at /home/pleno/projects/Laravel/ToDo-App/backend/vendor/laravel/framework/src/Illuminate/View/FileViewFinder.php:139)
[stacktrace]
#0 /home/pleno/projects/Laravel/ToDo-App/backend/vendor/laravel/framework/src/Illuminate/View/FileViewFinder.php(79): Illuminate\\View\\FileViewFinder->findInPaths()
#1 /home/pleno/projects/Laravel/ToDo-App/backend/vendor/laravel/framework/src/Illuminate/View/Factory.php(151): Illuminate\\View\\FileViewFinder->find()
#2 /home/pleno/projects/Laravel/ToDo-App/backend/vendor/laravel/framework/src/Illuminate/Foundation/helpers.php(1047): Illuminate\\View\\Factory->make()
#3 laravel-serializable-closure://function () {
    return \\view('welcome');
}(3): view()
#4 /home/pleno/projects/Laravel/ToDo-App/backend/vendor/laravel/framework/src/Illuminate/Routing/CallableDispatcher.php(40): Illuminate\\Routing\\RouteFileRegistrar::{closure}()
#5 /home/pleno/projects/Laravel/ToDo-App/backend/vendor/laravel/framework/src/Illuminate/Routing/Route.php(238): Illuminate\\Routing\\CallableDispatcher->dispatch()
#6 /home/pleno/projects/Laravel/ToDo-App/backend/vendor/laravel/framework/src/Illuminate/Routing/Route.php(209): Illuminate\\Routing\\Route->runCallable()
#7 /home/pleno/projects/Laravel/ToDo-App/backend/vendor/laravel/framework/src/Illuminate/Routing/Router.php(808): Illuminate\\Routing\\Route->run()
#8 /home/pleno/projects/Laravel/ToDo-App/backend/vendor/laravel/framework/src/Illuminate/Pipeline/Pipeline.php(144): Illuminate\\Routing\\Router->Illuminate\\Routing\\{closure}()
#9 /home/pleno/projects/Laravel/ToDo-App/backend/vendor/laravel/framework/src/Illuminate/Routing/Middleware/SubstituteBindings.php(50): Illuminate\\Pipeline\\Pipeline->Illuminate\\Pipeline\\{closure}()
#10 /home/pleno/projects/Laravel/ToDo-App/backend/vendor/laravel/framework/src/Illuminate/Pipeline/Pipeline.php(183): Illuminate\\Routing\\Middleware\\SubstituteBindings->handle()
#11 /home/pleno/projects/Laravel/ToDo-App/backend/vendor/laravel/framework/src/Illuminate/Foundation/Http/Middleware/VerifyCsrfToken.php(88): Illuminate\\Pipeline\\Pipeline->Illuminate\\Pipeline\\{closure}()
#12 /home/pleno/projects/Laravel/ToDo-App/backend/vendor/laravel/framework/src/Illuminate/Pipeline/Pipeline.php(183): Illuminate\\Foundation\\Http\\Middleware\\VerifyCsrfToken->handle()
#13 /home/pleno/projects/Laravel/ToDo-App/backend/vendor/laravel/framework/src/Illuminate/View/Middleware/ShareErrorsFromSession.php(49): Illuminate\\Pipeline\\Pipeline->Illuminate\\Pipeline\\{closure}()
#14 /home/pleno/projects/Laravel/ToDo-App/backend/vendor/laravel/framework/src/Illuminate/Pipeline/Pipeline.php(183): Illuminate\\View\\Middleware\\ShareErrorsFromSession->handle()
#15 /home/pleno/projects/Laravel/ToDo-App/backend/vendor/laravel/framework/src/Illuminate/Session/Middleware/StartSession.php(121): Illuminate\\Pipeline\\Pipeline->Illuminate\\Pipeline\\{closure}()
#16 /home/pleno/projects/Laravel/ToDo-App/backend/vendor/laravel/framework/src/Illuminate/Session/Middleware/StartSession.php(64): Illuminate\\Session\\Middleware\\StartSession->handleStatefulRequest()
#17 /home/pleno/projects/Laravel/ToDo-App/backend/vendor/laravel/framework/src/Illuminate/Pipeline/Pipeline.php(183): Illuminate\\Session\\Middleware\\StartSession->handle()
#18 /home/pleno/projects/Laravel/ToDo-App/backend/vendor/laravel/framework/src/Illuminate/Cookie/Middleware/AddQueuedCookiesToResponse.php(37): Illuminate\\Pipeline\\Pipeline->Illuminate\\Pipeline\\{closure}()
#19 /home/pleno/projects/Laravel/ToDo-App/backend/vendor/laravel/framework/src/Illuminate/Pipeline/Pipeline.php(183): Illuminate\\Cookie\\Middleware\\AddQueuedCookiesToResponse->handle()
#20 /home/pleno/projects/Laravel/ToDo-App/backend/vendor/laravel/framework/src/Illuminate/Cookie/Middleware/EncryptCookies.php(75): Illuminate\\Pipeline\\Pipeline->Illuminate\\Pipeline\\{closure}()
#21 /home/pleno/projects/Laravel/ToDo-App/backend/vendor/laravel/framework/src/Illuminate/Pipeline/Pipeline.php(183): Illuminate\\Cookie\\Middleware\\EncryptCookies->handle()
#22 /home/pleno/projects/Laravel/ToDo-App/backend/vendor/laravel/framework/src/Illuminate/Pipeline/Pipeline.php(119): Illuminate\\Pipeline\\Pipeline->Illuminate\\Pipeline\\{closure}()
#23 /home/pleno/projects/Laravel/ToDo-App/backend/vendor/laravel/framework/src/Illuminate/Routing/Router.php(807): Illuminate\\Pipeline\\Pipeline->then()
#24 /home/pleno/projects/Laravel/ToDo-App/backend/vendor/laravel/framework/src/Illuminate/Routing/Router.php(786): Illuminate\\Routing\\Router->runRouteWithinStack()
#25 /home/pleno/projects/Laravel/ToDo-App/backend/vendor/laravel/framework/src/Illuminate/Routing/Router.php(750): Illuminate\\Routing\\Router->runRoute()
#26 /home/pleno/projects/Laravel/ToDo-App/backend/vendor/laravel/framework/src/Illuminate/Routing/Router.php(739): Illuminate\\Routing\\Router->dispatchToRoute()
#27 /home/pleno/projects/Laravel/ToDo-App/backend/vendor/laravel/framework/src/Illuminate/Foundation/Http/Kernel.php(201): Illuminate\\Routing\\Router->dispatch()
#28 /home/pleno/projects/Laravel/ToDo-App/backend/vendor/laravel/framework/src/Illuminate/Pipeline/Pipeline.php(144): Illuminate\\Foundation\\Http\\Kernel->Illuminate\\Foundation\\Http\\{closure}()
#29 /home/pleno/projects/Laravel/ToDo-App/backend/vendor/laravel/framework/src/Illuminate/Foundation/Http/Middleware/TransformsRequest.php(21): Illuminate\\Pipeline\\Pipeline->Illuminate\\Pipeline\\{closure}()
#30 /home/pleno/projects/Laravel/ToDo-App/backend/vendor/laravel/framework/src/Illuminate/Foundation/Http/Middleware/ConvertEmptyStringsToNull.php(31): Illuminate\\Foundation\\Http\\Middleware\\TransformsRequest->handle()
#31 /home/pleno/projects/Laravel/ToDo-App/backend/vendor/laravel/framework/src/Illuminate/Pipeline/Pipeline.php(183): Illuminate\\Foundation\\Http\\Middleware\\ConvertEmptyStringsToNull->handle()
#32 /home/pleno/projects/Laravel/ToDo-App/backend/vendor/laravel/framework/src/Illuminate/Foundation/Http/Middleware/TransformsRequest.php(21): Illuminate\\Pipeline\\Pipeline->Illuminate\\Pipeline\\{closure}()
#33 /home/pleno/projects/Laravel/ToDo-App/backend/vendor/laravel/framework/src/Illuminate/Foundation/Http/Middleware/TrimStrings.php(51): Illuminate\\Foundation\\Http\\Middleware\\TransformsRequest->handle()
#34 /home/pleno/projects/Laravel/ToDo-App/backend/vendor/laravel/framework/src/Illuminate/Pipeline/Pipeline.php(183): Illuminate\\Foundation\\Http\\Middleware\\TrimStrings->handle()
#35 /home/pleno/projects/Laravel/ToDo-App/backend/vendor/laravel/framework/src/Illuminate/Http/Middleware/ValidatePostSize.php(27): Illuminate\\Pipeline\\Pipeline->Illuminate\\Pipeline\\{closure}()
#36 /home/pleno/projects/Laravel/ToDo-App/backend/vendor/laravel/framework/src/Illuminate/Pipeline/Pipeline.php(183): Illuminate\\Http\\Middleware\\ValidatePostSize->handle()
#37 /home/pleno/projects/Laravel/ToDo-App/backend/vendor/laravel/framework/src/Illuminate/Foundation/Http/Middleware/PreventRequestsDuringMaintenance.php(110): Illuminate\\Pipeline\\Pipeline->Illuminate\\Pipeline\\{closure}()
#38 /home/pleno/projects/Laravel/ToDo-App/backend/vendor/laravel/framework/src/Illuminate/Pipeline/Pipeline.php(183): Illuminate\\Foundation\\Http\\Middleware\\PreventRequestsDuringMaintenance->handle()
#39 /home/pleno/projects/Laravel/ToDo-App/backend/vendor/laravel/framework/src/Illuminate/Http/Middleware/HandleCors.php(49): Illuminate\\Pipeline\\Pipeline->Illuminate\\Pipeline\\{closure}()
#40 /home/pleno/projects/Laravel/ToDo-App/backend/vendor/laravel/framework/src/Illuminate/Pipeline/Pipeline.php(183): Illuminate\\Http\\Middleware\\HandleCors->handle()
#41 /home/pleno/projects/Laravel/ToDo-App/backend/vendor/laravel/framework/src/Illuminate/Http/Middleware/TrustProxies.php(57): Illuminate\\Pipeline\\Pipeline->Illuminate\\Pipeline\\{closure}()
#42 /home/pleno/projects/Laravel/ToDo-App/backend/vendor/laravel/framework/src/Illuminate/Pipeline/Pipeline.php(183): Illuminate\\Http\\Middleware\\TrustProxies->handle()
#43 /home/pleno/projects/Laravel/ToDo-App/backend/vendor/laravel/framework/src/Illuminate/Pipeline/Pipeline.php(119): Illuminate\\Pipeline\\Pipeline->Illuminate\\Pipeline\\{closure}()
#44 /home/pleno/projects/Laravel/ToDo-App/backend/vendor/laravel/framework/src/Illuminate/Foundation/Http/Kernel.php(176): Illuminate\\Pipeline\\Pipeline->then()
#45 /home/pleno/projects/Laravel/ToDo-App/backend/vendor/laravel/framework/src/Illuminate/Foundation/Http/Kernel.php(145): Illuminate\\Foundation\\Http\\Kernel->sendRequestThroughRouter()
#46 /home/pleno/projects/Laravel/ToDo-App/backend/vendor/laravel/framework/src/Illuminate/Foundation/Testing/Concerns/MakesHttpRequests.php(589): Illuminate\\Foundation\\Http\\Kernel->handle()
#47 /home/pleno/projects/Laravel/ToDo-App/backend/vendor/laravel/framework/src/Illuminate/Foundation/Testing/Concerns/MakesHttpRequests.php(350): Illuminate\\Foundation\\Testing\\TestCase->call()
#48 /home/pleno/projects/Laravel/ToDo-App/backend/tests/Feature/ExampleTest.php(15): Illuminate\\Foundation\\Testing\\TestCase->get()
#49 /home/pleno/projects/Laravel/ToDo-App/backend/vendor/phpunit/phpunit/src/Framework/TestCase.php(1201): Tests\\Feature\\ExampleTest->test_the_application_returns_a_successful_response()
#50 /home/pleno/projects/Laravel/ToDo-App/backend/vendor/phpunit/phpunit/src/Framework/TestCase.php(498): PHPUnit\\Framework\\TestCase->runTest()
#51 /home/pleno/projects/Laravel/ToDo-App/backend/vendor/phpunit/phpunit/src/Framework/TestRunner/TestRunner.php(86): PHPUnit\\Framework\\TestCase->runBare()
#52 /home/pleno/projects/Laravel/ToDo-App/backend/vendor/phpunit/phpunit/src/Framework/TestCase.php(349): PHPUnit\\Framework\\TestRunner->run()
#53 /home/pleno/projects/Laravel/ToDo-App/backend/vendor/phpunit/phpunit/src/Framework/TestSuite.php(410): PHPUnit\\Framework\\TestCase->run()
#54 /home/pleno/projects/Laravel/ToDo-App/backend/vendor/phpunit/phpunit/src/Framework/TestSuite.php(410): PHPUnit\\Framework\\TestSuite->run()
#55 /home/pleno/projects/Laravel/ToDo-App/backend/vendor/phpunit/phpunit/src/Framework/TestSuite.php(410): PHPUnit\\Framework\\TestSuite->run()
#56 /home/pleno/projects/Laravel/ToDo-App/backend/vendor/phpunit/phpunit/src/TextUI/TestRunner.php(64): PHPUnit\\Framework\\TestSuite->run()
#57 /home/pleno/projects/Laravel/ToDo-App/backend/vendor/phpunit/phpunit/src/TextUI/Application.php(204): PHPUnit\\TextUI\\TestRunner->run()
#58 /home/pleno/projects/Laravel/ToDo-App/backend/vendor/phpunit/phpunit/phpunit(104): PHPUnit\\TextUI\\Application->run()
#59 {main}
"} 
